# JRE version: 7.0_07-b11
# Java VM: Java HotSpot(TM) Server VM (23.3-b01 mixed mode windows-x86 )
Heap
 PSYoungGen      total 226048K, used 182462K [0x34ab0000, 0x448c0000, 0x44ab0000)
  eden space 194688K, 87% used [0x34ab0000,0x3f1a3db0,0x408d0000)
  from space 31360K, 36% used [0x408d0000,0x4140bbf0,0x42770000)
  to   space 29632K, 0% used [0x42bd0000,0x42bd0000,0x448c0000)
 ParOldGen       total 165760K, used 116201K [0x14ab0000, 0x1ec90000, 0x34ab0000)
  object space 165760K, 70% used [0x14ab0000,0x1bc2a4b0,0x1ec90000)
 PSPermGen       total 66816K, used 53308K [0x04ab0000, 0x08bf0000, 0x14ab0000)
  object space 66816K, 79% used [0x04ab0000,0x07ebf120,0x08bf0000)
GC Heap History (10 events):
Event: 91.051 GC heap before
{Heap before GC invocations=45 (full 6):
 PSYoungGen      total 218816K, used 186752K [0x34ab0000, 0x445b0000, 0x44ab0000)
  eden space 186752K, 100% used [0x34ab0000,0x40110000,0x40110000)
  from space 32064K, 0% used [0x42660000,0x42660000,0x445b0000)
  to   space 35136K, 0% used [0x40110000,0x40110000,0x42360000)
 ParOldGen       total 165760K, used 116201K [0x14ab0000, 0x1ec90000, 0x34ab0000)
  object space 165760K, 70% used [0x14ab0000,0x1bc2a4b0,0x1ec90000)
 PSPermGen       total 66816K, used 50574K [0x04ab0000, 0x08bf0000, 0x14ab0000)
  object space 66816K, 75% used [0x04ab0000,0x07c13bb8,0x08bf0000)
Event: 91.071 GC heap after
Heap after GC invocations=45 (full 6):
 PSYoungGen      total 221888K, used 3953K [0x34ab0000, 0x44ab0000, 0x44ab0000)
  eden space 186752K, 0% used [0x34ab0000,0x34ab0000,0x40110000)
  from space 35136K, 11% used [0x40110000,0x404ec6e0,0x42360000)
  to   space 35072K, 0% used [0x42870000,0x42870000,0x44ab0000)
 ParOldGen       total 165760K, used 116201K [0x14ab0000, 0x1ec90000, 0x34ab0000)
  object space 165760K, 70% used [0x14ab0000,0x1bc2a4b0,0x1ec90000)
 PSPermGen       total 66816K, used 50574K [0x04ab0000, 0x08bf0000, 0x14ab0000)
  object space 66816K, 75% used [0x04ab0000,0x07c13bb8,0x08bf0000)
}
Event: 92.611 GC heap before
{Heap before GC invocations=46 (full 6):
 PSYoungGen      total 221888K, used 186309K [0x34ab0000, 0x44ab0000, 0x44ab0000)
  eden space 186752K, 97% used [0x34ab0000,0x3fcc4dd0,0x40110000)
  from space 35136K, 11% used [0x40110000,0x404ec6e0,0x42360000)
  to   space 35072K, 0% used [0x42870000,0x42870000,0x44ab0000)
 ParOldGen       total 165760K, used 116201K [0x14ab0000, 0x1ec90000, 0x34ab0000)
  object space 165760K, 70% used [0x14ab0000,0x1bc2a4b0,0x1ec90000)
 PSPermGen       total 66816K, used 51119K [0x04ab0000, 0x08bf0000, 0x14ab0000)
  object space 66816K, 76% used [0x04ab0000,0x07c9bd58,0x08bf0000)
Event: 92.629 GC heap after
Heap after GC invocations=46 (full 6):
 PSYoungGen      total 225408K, used 6111K [0x34ab0000, 0x44920000, 0x44ab0000)
  eden space 191936K, 0% used [0x34ab0000,0x34ab0000,0x40620000)
  from space 33472K, 18% used [0x42870000,0x42e67f48,0x44920000)
  to   space 34304K, 0% used [0x40620000,0x40620000,0x427a0000)
 ParOldGen       total 165760K, used 116201K [0x14ab0000, 0x1ec90000, 0x34ab0000)
  object space 165760K, 70% used [0x14ab0000,0x1bc2a4b0,0x1ec90000)
 PSPermGen       total 66816K, used 51119K [0x04ab0000, 0x08bf0000, 0x14ab0000)
  object space 66816K, 76% used [0x04ab0000,0x07c9bd58,0x08bf0000)
}
Event: 93.077 GC heap before
{Heap before GC invocations=47 (full 6):
 PSYoungGen      total 225408K, used 195913K [0x34ab0000, 0x44920000, 0x44ab0000)
  eden space 191936K, 98% used [0x34ab0000,0x4040a7a8,0x40620000)
  from space 33472K, 18% used [0x42870000,0x42e67f48,0x44920000)
  to   space 34304K, 0% used [0x40620000,0x40620000,0x427a0000)
 ParOldGen       total 165760K, used 116201K [0x14ab0000, 0x1ec90000, 0x34ab0000)
  object space 165760K, 70% used [0x14ab0000,0x1bc2a4b0,0x1ec90000)
 PSPermGen       total 66816K, used 51593K [0x04ab0000, 0x08bf0000, 0x14ab0000)
  object space 66816K, 77% used [0x04ab0000,0x07d124a0,0x08bf0000)
Event: 93.099 GC heap after
Heap after GC invocations=47 (full 6):
 PSYoungGen      total 226240K, used 7539K [0x34ab0000, 0x44940000, 0x44ab0000)
  eden space 191936K, 0% used [0x34ab0000,0x34ab0000,0x40620000)
  from space 34304K, 21% used [0x40620000,0x40d7cd78,0x427a0000)
  to   space 33152K, 0% used [0x428e0000,0x428e0000,0x44940000)
 ParOldGen       total 165760K, used 116201K [0x14ab0000, 0x1ec90000, 0x34ab0000)
  object space 165760K, 70% used [0x14ab0000,0x1bc2a4b0,0x1ec90000)
 PSPermGen       total 66816K, used 51593K [0x04ab0000, 0x08bf0000, 0x14ab0000)
  object space 66816K, 77% used [0x04ab0000,0x07d124a0,0x08bf0000)
}
Event: 99.984 GC heap before
{Heap before GC invocations=48 (full 6):
 PSYoungGen      total 226240K, used 189940K [0x34ab0000, 0x44940000, 0x44ab0000)
  eden space 191936K, 95% used [0x34ab0000,0x3fcd0510,0x40620000)
  from space 34304K, 21% used [0x40620000,0x40d7cd78,0x427a0000)
  to   space 33152K, 0% used [0x428e0000,0x428e0000,0x44940000)
 ParOldGen       total 165760K, used 116201K [0x14ab0000, 0x1ec90000, 0x34ab0000)
  object space 165760K, 70% used [0x14ab0000,0x1bc2a4b0,0x1ec90000)
 PSPermGen       total 66816K, used 52566K [0x04ab0000, 0x08bf0000, 0x14ab0000)
  object space 66816K, 78% used [0x04ab0000,0x07e05b40,0x08bf0000)
Event: 100.053 GC heap after
Heap after GC invocations=48 (full 6):
 PSYoungGen      total 224576K, used 10824K [0x34ab0000, 0x44610000, 0x44ab0000)
  eden space 194688K, 0% used [0x34ab0000,0x34ab0000,0x408d0000)
  from space 29888K, 36% used [0x428e0000,0x433723b0,0x44610000)
  to   space 31360K, 0% used [0x408d0000,0x408d0000,0x42770000)
 ParOldGen       total 165760K, used 116201K [0x14ab0000, 0x1ec90000, 0x34ab0000)
  object space 165760K, 70% used [0x14ab0000,0x1bc2a4b0,0x1ec90000)
 PSPermGen       total 66816K, used 52566K [0x04ab0000, 0x08bf0000, 0x14ab0000)
  object space 66816K, 78% used [0x04ab0000,0x07e05b40,0x08bf0000)
}
Event: 101.140 GC heap before
{Heap before GC invocations=49 (full 6):
 PSYoungGen      total 224576K, used 200515K [0x34ab0000, 0x44610000, 0x44ab0000)
  eden space 194688K, 97% used [0x34ab0000,0x403ee968,0x408d0000)
  from space 29888K, 36% used [0x428e0000,0x433723b0,0x44610000)
  to   space 31360K, 0% used [0x408d0000,0x408d0000,0x42770000)
 ParOldGen       total 165760K, used 116201K [0x14ab0000, 0x1ec90000, 0x34ab0000)
  object space 165760K, 70% used [0x14ab0000,0x1bc2a4b0,0x1ec90000)
 PSPermGen       total 66816K, used 53013K [0x04ab0000, 0x08bf0000, 0x14ab0000)
  object space 66816K, 79% used [0x04ab0000,0x07e75420,0x08bf0000)
Event: 101.176 GC heap after
Heap after GC invocations=49 (full 6):
 PSYoungGen      total 226048K, used 11502K [0x34ab0000, 0x448c0000, 0x44ab0000)
  eden space 194688K, 0% used [0x34ab0000,0x34ab0000,0x408d0000)
  from space 31360K, 36% used [0x408d0000,0x4140bbf0,0x42770000)
  to   space 29632K, 0% used [0x42bd0000,0x42bd0000,0x448c0000)
 ParOldGen       total 165760K, used 116201K [0x14ab0000, 0x1ec90000, 0x34ab0000)
  object space 165760K, 70% used [0x14ab0000,0x1bc2a4b0,0x1ec90000)
 PSPermGen       total 66816K, used 53013K [0x04ab0000, 0x08bf0000, 0x14ab0000)
  object space 66816K, 79% used [0x04ab0000,0x07e75420,0x08bf0000)
}

