# JRE version: 7.0_07-b11
# Java VM: Java HotSpot(TM) Server VM (23.3-b01 mixed mode windows-x86 )
Heap
 PSYoungGen      total 238400K, used 59528K [0x349b0000, 0x44800000, 0x449b0000)
  eden space 217088K, 23% used [0x349b0000,0x37ace910,0x41db0000)
  from space 21312K, 43% used [0x41db0000,0x426b38c8,0x43280000)
  to   space 20160K, 0% used [0x43450000,0x43450000,0x44800000)
 ParOldGen       total 170112K, used 118061K [0x149b0000, 0x1efd0000, 0x349b0000)
  object space 170112K, 69% used [0x149b0000,0x1bcfb730,0x1efd0000)
 PSPermGen       total 66176K, used 52596K [0x049b0000, 0x08a50000, 0x149b0000)
  object space 66176K, 79% used [0x049b0000,0x07d0d3f8,0x08a50000)
GC Heap History (10 events):
Event: 173.183 GC heap before
{Heap before GC invocations=47 (full 6):
 PSYoungGen      total 223232K, used 9522K [0x349b0000, 0x446a0000, 0x449b0000)
  eden space 213696K, 0% used [0x349b0000,0x349b0000,0x41a60000)
  from space 9536K, 99% used [0x41a60000,0x423acbf8,0x423b0000)
  to   space 22656K, 0% used [0x43080000,0x43080000,0x446a0000)
 ParOldGen       total 125440K, used 111125K [0x149b0000, 0x1c430000, 0x349b0000)
  object space 125440K, 88% used [0x149b0000,0x1b6356e8,0x1c430000)
 PSPermGen       total 55680K, used 49876K [0x049b0000, 0x08010000, 0x149b0000)
  object space 55680K, 89% used [0x049b0000,0x07a65288,0x08010000)
Event: 174.444 GC heap after
Heap after GC invocations=47 (full 6):
 PSYoungGen      total 223232K, used 0K [0x349b0000, 0x446a0000, 0x449b0000)
  eden space 213696K, 0% used [0x349b0000,0x349b0000,0x41a60000)
  from space 9536K, 0% used [0x41a60000,0x41a60000,0x423b0000)
  to   space 22656K, 0% used [0x43080000,0x43080000,0x446a0000)
 ParOldGen       total 170112K, used 118061K [0x149b0000, 0x1efd0000, 0x349b0000)
  object space 170112K, 69% used [0x149b0000,0x1bcfb730,0x1efd0000)
 PSPermGen       total 66176K, used 49874K [0x049b0000, 0x08a50000, 0x149b0000)
  object space 66176K, 75% used [0x049b0000,0x07a64b70,0x08a50000)
}
Event: 176.710 GC heap before
{Heap before GC invocations=48 (full 6):
 PSYoungGen      total 223232K, used 208299K [0x349b0000, 0x446a0000, 0x449b0000)
  eden space 213696K, 97% used [0x349b0000,0x4151ace8,0x41a60000)
  from space 9536K, 0% used [0x41a60000,0x41a60000,0x423b0000)
  to   space 22656K, 0% used [0x43080000,0x43080000,0x446a0000)
 ParOldGen       total 170112K, used 118061K [0x149b0000, 0x1efd0000, 0x349b0000)
  object space 170112K, 69% used [0x149b0000,0x1bcfb730,0x1efd0000)
 PSPermGen       total 66176K, used 50488K [0x049b0000, 0x08a50000, 0x149b0000)
  object space 66176K, 76% used [0x049b0000,0x07afe320,0x08a50000)
Event: 176.736 GC heap after
Heap after GC invocations=48 (full 6):
 PSYoungGen      total 236224K, used 3247K [0x349b0000, 0x449b0000, 0x449b0000)
  eden space 213568K, 0% used [0x349b0000,0x349b0000,0x41a40000)
  from space 22656K, 14% used [0x43080000,0x433abce0,0x446a0000)
  to   space 22784K, 0% used [0x41a40000,0x41a40000,0x43080000)
 ParOldGen       total 170112K, used 118061K [0x149b0000, 0x1efd0000, 0x349b0000)
  object space 170112K, 69% used [0x149b0000,0x1bcfb730,0x1efd0000)
 PSPermGen       total 66176K, used 50488K [0x049b0000, 0x08a50000, 0x149b0000)
  object space 66176K, 76% used [0x049b0000,0x07afe320,0x08a50000)
}
Event: 179.659 GC heap before
{Heap before GC invocations=49 (full 6):
 PSYoungGen      total 236224K, used 211228K [0x349b0000, 0x449b0000, 0x449b0000)
  eden space 213568K, 97% used [0x349b0000,0x414cb438,0x41a40000)
  from space 22656K, 14% used [0x43080000,0x433abce0,0x446a0000)
  to   space 22784K, 0% used [0x41a40000,0x41a40000,0x43080000)
 ParOldGen       total 170112K, used 118061K [0x149b0000, 0x1efd0000, 0x349b0000)
  object space 170112K, 69% used [0x149b0000,0x1bcfb730,0x1efd0000)
 PSPermGen       total 66176K, used 51196K [0x049b0000, 0x08a50000, 0x149b0000)
  object space 66176K, 77% used [0x049b0000,0x07baf250,0x08a50000)
Event: 179.687 GC heap after
Heap after GC invocations=49 (full 6):
 PSYoungGen      total 236352K, used 5597K [0x349b0000, 0x448d0000, 0x449b0000)
  eden space 213568K, 0% used [0x349b0000,0x349b0000,0x41a40000)
  from space 22784K, 24% used [0x41a40000,0x41fb77c0,0x43080000)
  to   space 22272K, 0% used [0x43310000,0x43310000,0x448d0000)
 ParOldGen       total 170112K, used 118061K [0x149b0000, 0x1efd0000, 0x349b0000)
  object space 170112K, 69% used [0x149b0000,0x1bcfb730,0x1efd0000)
 PSPermGen       total 66176K, used 51196K [0x049b0000, 0x08a50000, 0x149b0000)
  object space 66176K, 77% used [0x049b0000,0x07baf250,0x08a50000)
}
Event: 202.369 GC heap before
{Heap before GC invocations=50 (full 6):
 PSYoungGen      total 236352K, used 218863K [0x349b0000, 0x448d0000, 0x449b0000)
  eden space 213568K, 99% used [0x349b0000,0x419f4500,0x41a40000)
  from space 22784K, 24% used [0x41a40000,0x41fb77c0,0x43080000)
  to   space 22272K, 0% used [0x43310000,0x43310000,0x448d0000)
 ParOldGen       total 170112K, used 118061K [0x149b0000, 0x1efd0000, 0x349b0000)
  object space 170112K, 69% used [0x149b0000,0x1bcfb730,0x1efd0000)
 PSPermGen       total 66176K, used 51884K [0x049b0000, 0x08a50000, 0x149b0000)
  object space 66176K, 78% used [0x049b0000,0x07c5b2f0,0x08a50000)
Event: 202.399 GC heap after
Heap after GC invocations=50 (full 6):
 PSYoungGen      total 237824K, used 7895K [0x349b0000, 0x44750000, 0x449b0000)
  eden space 217088K, 0% used [0x349b0000,0x349b0000,0x41db0000)
  from space 20736K, 38% used [0x43310000,0x43ac5cd0,0x44750000)
  to   space 21312K, 0% used [0x41db0000,0x41db0000,0x43280000)
 ParOldGen       total 170112K, used 118061K [0x149b0000, 0x1efd0000, 0x349b0000)
  object space 170112K, 69% used [0x149b0000,0x1bcfb730,0x1efd0000)
 PSPermGen       total 66176K, used 51884K [0x049b0000, 0x08a50000, 0x149b0000)
  object space 66176K, 78% used [0x049b0000,0x07c5b2f0,0x08a50000)
}
Event: 209.052 GC heap before
{Heap before GC invocations=51 (full 6):
 PSYoungGen      total 237824K, used 224983K [0x349b0000, 0x44750000, 0x449b0000)
  eden space 217088K, 100% used [0x349b0000,0x41db0000,0x41db0000)
  from space 20736K, 38% used [0x43310000,0x43ac5cd0,0x44750000)
  to   space 21312K, 0% used [0x41db0000,0x41db0000,0x43280000)
 ParOldGen       total 170112K, used 118061K [0x149b0000, 0x1efd0000, 0x349b0000)
  object space 170112K, 69% used [0x149b0000,0x1bcfb730,0x1efd0000)
 PSPermGen       total 66176K, used 52479K [0x049b0000, 0x08a50000, 0x149b0000)
  object space 66176K, 79% used [0x049b0000,0x07cefe00,0x08a50000)
Event: 209.087 GC heap after
Heap after GC invocations=51 (full 6):
 PSYoungGen      total 238400K, used 9230K [0x349b0000, 0x44800000, 0x449b0000)
  eden space 217088K, 0% used [0x349b0000,0x349b0000,0x41db0000)
  from space 21312K, 43% used [0x41db0000,0x426b38c8,0x43280000)
  to   space 20160K, 0% used [0x43450000,0x43450000,0x44800000)
 ParOldGen       total 170112K, used 118061K [0x149b0000, 0x1efd0000, 0x349b0000)
  object space 170112K, 69% used [0x149b0000,0x1bcfb730,0x1efd0000)
 PSPermGen       total 66176K, used 52479K [0x049b0000, 0x08a50000, 0x149b0000)
  object space 66176K, 79% used [0x049b0000,0x07cefe00,0x08a50000)
}

