# JRE version: 7.0_07-b11
# Java VM: Java HotSpot(TM) Server VM (23.3-b01 mixed mode windows-x86 )
Heap
 PSYoungGen      total 198912K, used 164017K [0x34b20000, 0x435e0000, 0x44b20000)
  eden space 166400K, 83% used [0x34b20000,0x3d21d2a8,0x3eda0000)
  from space 32512K, 79% used [0x3eda0000,0x406cf388,0x40d60000)
  to   space 33984K, 0% used [0x414b0000,0x414b0000,0x435e0000)
 ParOldGen       total 166016K, used 107995K [0x14b20000, 0x1ed40000, 0x34b20000)
  object space 166016K, 65% used [0x14b20000,0x1b496ec8,0x1ed40000)
 PSPermGen       total 81536K, used 63504K [0x04b20000, 0x09ac0000, 0x14b20000)
  object space 81536K, 77% used [0x04b20000,0x089241a8,0x09ac0000)
GC Heap History (10 events):
Event: 6609.485 GC heap before
{Heap before GC invocations=94 (full 7):
 PSYoungGen      total 185792K, used 168838K [0x34b20000, 0x42600000, 0x44b20000)
  eden space 154240K, 100% used [0x34b20000,0x3e1c0000,0x3e1c0000)
  from space 31552K, 46% used [0x40730000,0x41571a90,0x42600000)
  to   space 34944K, 0% used [0x3e1c0000,0x3e1c0000,0x403e0000)
 ParOldGen       total 166016K, used 107995K [0x14b20000, 0x1ed40000, 0x34b20000)
  object space 166016K, 65% used [0x14b20000,0x1b496ec8,0x1ed40000)
 PSPermGen       total 81536K, used 58133K [0x04b20000, 0x09ac0000, 0x14b20000)
  object space 81536K, 71% used [0x04b20000,0x083e5608,0x09ac0000)
Event: 6612.080 GC heap after
Heap after GC invocations=94 (full 7):
 PSYoungGen      total 189184K, used 19103K [0x34b20000, 0x42cd0000, 0x44b20000)
  eden space 154240K, 0% used [0x34b20000,0x34b20000,0x3e1c0000)
  from space 34944K, 54% used [0x3e1c0000,0x3f467d30,0x403e0000)
  to   space 34048K, 0% used [0x40b90000,0x40b90000,0x42cd0000)
 ParOldGen       total 166016K, used 107995K [0x14b20000, 0x1ed40000, 0x34b20000)
  object space 166016K, 65% used [0x14b20000,0x1b496ec8,0x1ed40000)
 PSPermGen       total 81536K, used 58133K [0x04b20000, 0x09ac0000, 0x14b20000)
  object space 81536K, 71% used [0x04b20000,0x083e5608,0x09ac0000)
}
Event: 10147.705 GC heap before
{Heap before GC invocations=95 (full 7):
 PSYoungGen      total 189184K, used 173343K [0x34b20000, 0x42cd0000, 0x44b20000)
  eden space 154240K, 100% used [0x34b20000,0x3e1c0000,0x3e1c0000)
  from space 34944K, 54% used [0x3e1c0000,0x3f467d30,0x403e0000)
  to   space 34048K, 0% used [0x40b90000,0x40b90000,0x42cd0000)
 ParOldGen       total 166016K, used 107995K [0x14b20000, 0x1ed40000, 0x34b20000)
  object space 166016K, 65% used [0x14b20000,0x1b496ec8,0x1ed40000)
 PSPermGen       total 81536K, used 58138K [0x04b20000, 0x09ac0000, 0x14b20000)
  object space 81536K, 71% used [0x04b20000,0x083e6bf8,0x09ac0000)
Event: 10148.595 GC heap after
Heap after GC invocations=95 (full 7):
 PSYoungGen      total 190272K, used 16823K [0x34b20000, 0x427d0000, 0x44b20000)
  eden space 161344K, 0% used [0x34b20000,0x34b20000,0x3e8b0000)
  from space 28928K, 58% used [0x40b90000,0x41bfdd30,0x427d0000)
  to   space 32320K, 0% used [0x3e8b0000,0x3e8b0000,0x40840000)
 ParOldGen       total 166016K, used 107995K [0x14b20000, 0x1ed40000, 0x34b20000)
  object space 166016K, 65% used [0x14b20000,0x1b496ec8,0x1ed40000)
 PSPermGen       total 81536K, used 58138K [0x04b20000, 0x09ac0000, 0x14b20000)
  object space 81536K, 71% used [0x04b20000,0x083e6bf8,0x09ac0000)
}
Event: 10713.758 GC heap before
{Heap before GC invocations=96 (full 7):
 PSYoungGen      total 190272K, used 178167K [0x34b20000, 0x427d0000, 0x44b20000)
  eden space 161344K, 100% used [0x34b20000,0x3e8b0000,0x3e8b0000)
  from space 28928K, 58% used [0x40b90000,0x41bfdd30,0x427d0000)
  to   space 32320K, 0% used [0x3e8b0000,0x3e8b0000,0x40840000)
 ParOldGen       total 166016K, used 107995K [0x14b20000, 0x1ed40000, 0x34b20000)
  object space 166016K, 65% used [0x14b20000,0x1b496ec8,0x1ed40000)
 PSPermGen       total 81536K, used 58908K [0x04b20000, 0x09ac0000, 0x14b20000)
  object space 81536K, 72% used [0x04b20000,0x084a7368,0x09ac0000)
Event: 10714.949 GC heap after
Heap after GC invocations=96 (full 7):
 PSYoungGen      total 193664K, used 19139K [0x34b20000, 0x42c80000, 0x44b20000)
  eden space 161344K, 0% used [0x34b20000,0x34b20000,0x3e8b0000)
  from space 32320K, 59% used [0x3e8b0000,0x3fb60ca8,0x40840000)
  to   space 31616K, 0% used [0x40da0000,0x40da0000,0x42c80000)
 ParOldGen       total 166016K, used 107995K [0x14b20000, 0x1ed40000, 0x34b20000)
  object space 166016K, 65% used [0x14b20000,0x1b496ec8,0x1ed40000)
 PSPermGen       total 81536K, used 58908K [0x04b20000, 0x09ac0000, 0x14b20000)
  object space 81536K, 72% used [0x04b20000,0x084a7368,0x09ac0000)
}
Event: 10890.430 GC heap before
{Heap before GC invocations=97 (full 7):
 PSYoungGen      total 193664K, used 180483K [0x34b20000, 0x42c80000, 0x44b20000)
  eden space 161344K, 100% used [0x34b20000,0x3e8b0000,0x3e8b0000)
  from space 32320K, 59% used [0x3e8b0000,0x3fb60ca8,0x40840000)
  to   space 31616K, 0% used [0x40da0000,0x40da0000,0x42c80000)
 ParOldGen       total 166016K, used 107995K [0x14b20000, 0x1ed40000, 0x34b20000)
  object space 166016K, 65% used [0x14b20000,0x1b496ec8,0x1ed40000)
 PSPermGen       total 81536K, used 60394K [0x04b20000, 0x09ac0000, 0x14b20000)
  object space 81536K, 74% used [0x04b20000,0x0861a920,0x09ac0000)
Event: 10890.592 GC heap after
Heap after GC invocations=97 (full 7):
 PSYoungGen      total 198016K, used 23377K [0x34b20000, 0x42d20000, 0x44b20000)
  eden space 166400K, 0% used [0x34b20000,0x34b20000,0x3eda0000)
  from space 31616K, 73% used [0x40da0000,0x42474430,0x42c80000)
  to   space 32512K, 0% used [0x3eda0000,0x3eda0000,0x40d60000)
 ParOldGen       total 166016K, used 107995K [0x14b20000, 0x1ed40000, 0x34b20000)
  object space 166016K, 65% used [0x14b20000,0x1b496ec8,0x1ed40000)
 PSPermGen       total 81536K, used 60394K [0x04b20000, 0x09ac0000, 0x14b20000)
  object space 81536K, 74% used [0x04b20000,0x0861a920,0x09ac0000)
}
Event: 10997.922 GC heap before
{Heap before GC invocations=98 (full 7):
 PSYoungGen      total 198016K, used 189777K [0x34b20000, 0x42d20000, 0x44b20000)
  eden space 166400K, 100% used [0x34b20000,0x3eda0000,0x3eda0000)
  from space 31616K, 73% used [0x40da0000,0x42474430,0x42c80000)
  to   space 32512K, 0% used [0x3eda0000,0x3eda0000,0x40d60000)
 ParOldGen       total 166016K, used 107995K [0x14b20000, 0x1ed40000, 0x34b20000)
  object space 166016K, 65% used [0x14b20000,0x1b496ec8,0x1ed40000)
 PSPermGen       total 81536K, used 62050K [0x04b20000, 0x09ac0000, 0x14b20000)
  object space 81536K, 76% used [0x04b20000,0x087b8840,0x09ac0000)
Event: 10999.297 GC heap after
Heap after GC invocations=98 (full 7):
 PSYoungGen      total 198912K, used 25788K [0x34b20000, 0x435e0000, 0x44b20000)
  eden space 166400K, 0% used [0x34b20000,0x34b20000,0x3eda0000)
  from space 32512K, 79% used [0x3eda0000,0x406cf388,0x40d60000)
  to   space 33984K, 0% used [0x414b0000,0x414b0000,0x435e0000)
 ParOldGen       total 166016K, used 107995K [0x14b20000, 0x1ed40000, 0x34b20000)
  object space 166016K, 65% used [0x14b20000,0x1b496ec8,0x1ed40000)
 PSPermGen       total 81536K, used 62050K [0x04b20000, 0x09ac0000, 0x14b20000)
  object space 81536K, 76% used [0x04b20000,0x087b8840,0x09ac0000)
}

